<?xml version="1.0" encoding="UTF-8"?>
<!-- Generated by org.testng.reporters.JUnitReportReporter -->
<testsuite skipped="0" hostname="DESKTOP-4CJ7F81" name="com.extentreport.TestNGAnnotationAfterMethodExample" tests="2" failures="0" timestamp="24 ene 2019 05:32:14 GMT" time="0.009" errors="0">
  <testcase name="validateSum" time="0.001" classname="com.extentreport.TestNGAnnotationAfterMethodExample"/>
  <testcase name="validateDifference" time="0.008" classname="com.extentreport.TestNGAnnotationAfterMethodExample"/>
</testsuite> <!-- com.extentreport.TestNGAnnotationAfterMethodExample -->
